[WARNING] Не найдена таблица ПЕРФОРАЦИЯ, ОТКЛЮЧЕНИЕ ПЛАСТОВ на  страницах в Акты_полные\Акты\Для сохранения актов\AKT_KRS_13342_ДН.PDF
[WARNING] Не найдена таблица РАСХОД МАТЕРИАЛОВ, ИСПОЛЬЗУЕМЫХ ПРИ РЕМОНТЕ СКВАЖИНЫ                            на страницах,                 а таблица ПЕРФОРАЦИЯ, ОТКЛЮЧЕНИЕ ПЛАСТОВ на страницах в Акты_полные\Акты\Для сохранения актов\AKT_KRS_138D_АН.PDF
[WARNING] Не найдена таблица ПЕРФОРАЦИЯ, ОТКЛЮЧЕНИЕ ПЛАСТОВ на  страницах в Акты_полные\Акты\Для сохранения актов\AKT_KRS_138D_АН.PDF
[WARNING] Не найдена таблица ПЕРФОРАЦИЯ, ОТКЛЮЧЕНИЕ ПЛАСТОВ на  страницах в Акты_полные\Акты\Для сохранения актов\AKT_KRS_1533_ДН.PDF
[WARNING] Не найдена таблица РАСХОД МАТЕРИАЛОВ, ИСПОЛЬЗУЕМЫХ ПРИ РЕМОНТЕ СКВАЖИНЫ                            на страницах,                 а таблица ПЕРФОРАЦИЯ, ОТКЛЮЧЕНИЕ ПЛАСТОВ на страницах в Акты_полные\Акты\Для сохранения актов\AKT_KRS_15700_АН.PDF
[WARNING] Не найдена таблица ПЕРФОРАЦИЯ, ОТКЛЮЧЕНИЕ ПЛАСТОВ на  страницах в Акты_полные\Акты\Для сохранения актов\AKT_KRS_15700_АН.PDF
[WARNING] Не найдена таблица РАСХОД МАТЕРИАЛОВ, ИСПОЛЬЗУЕМЫХ ПРИ РЕМОНТЕ СКВАЖИНЫ                            на страницах,                 а таблица ПЕРФОРАЦИЯ, ОТКЛЮЧЕНИЕ ПЛАСТОВ на страницах в Акты_полные\Акты\Для сохранения актов\AKT_KRS_2082_ЛН.PDF
[WARNING] Не найдена таблица ПЕРФОРАЦИЯ, ОТКЛЮЧЕНИЕ ПЛАСТОВ на  страницах в Акты_полные\Акты\Для сохранения актов\AKT_KRS_2082_ЛН.PDF
[WARNING] Не найдена таблица РАСХОД МАТЕРИАЛОВ, ИСПОЛЬЗУЕМЫХ ПРИ РЕМОНТЕ СКВАЖИНЫ                            на страницах,                 а таблица ПЕРФОРАЦИЯ, ОТКЛЮЧЕНИЕ ПЛАСТОВ на страницах в Акты_полные\Акты\Для сохранения актов\AKT_KRS_21528_АН.PDF
[WARNING] Не найдена таблица ПЕРФОРАЦИЯ, ОТКЛЮЧЕНИЕ ПЛАСТОВ на  страницах в Акты_полные\Акты\Для сохранения актов\AKT_KRS_21528_АН.PDF
[WARNING] Не найдена таблица ПЕРФОРАЦИЯ, ОТКЛЮЧЕНИЕ ПЛАСТОВ на  страницах в Акты_полные\Акты\Для сохранения актов\AKT_KRS_21846_ДН.PDF
[WARNING] Не найдена таблица РАСХОД МАТЕРИАЛОВ, ИСПОЛЬЗУЕМЫХ ПРИ РЕМОНТЕ СКВАЖИНЫ                            на страницах,                 а таблица ПЕРФОРАЦИЯ, ОТКЛЮЧЕНИЕ ПЛАСТОВ на страницах в Акты_полные\Акты\Для сохранения актов\AKT_KRS_2330D_АН.PDF
[WARNING] Не найдена таблица ПЕРФОРАЦИЯ, ОТКЛЮЧЕНИЕ ПЛАСТОВ на  страницах в Акты_полные\Акты\Для сохранения актов\AKT_KRS_2330D_АН.PDF
[WARNING] Не найдена таблица РАСХОД МАТЕРИАЛОВ, ИСПОЛЬЗУЕМЫХ ПРИ РЕМОНТЕ СКВАЖИНЫ                            на страницах,                 а таблица ПЕРФОРАЦИЯ, ОТКЛЮЧЕНИЕ ПЛАСТОВ на страницах в Акты_полные\Акты\Для сохранения актов\AKT_KRS_26806_АН.PDF
[WARNING] Не найдена таблица ПЕРФОРАЦИЯ, ОТКЛЮЧЕНИЕ ПЛАСТОВ на  страницах в Акты_полные\Акты\Для сохранения актов\AKT_KRS_26806_АН.PDF
[WARNING] Не найдена таблица ПЕРФОРАЦИЯ, ОТКЛЮЧЕНИЕ ПЛАСТОВ на  страницах в Акты_полные\Акты\Для сохранения актов\AKT_KRS_27997_ЛН.PDF
[WARNING] Не найдено значение Причина ремонта в акте Акты_полные\Акты\Для сохранения актов\AKT_KRS_30127_ДН.PDF
[WARNING] Не найдена таблица РАСХОД МАТЕРИАЛОВ, ИСПОЛЬЗУЕМЫХ ПРИ РЕМОНТЕ СКВАЖИНЫ                            на страницах,                 а таблица ПЕРФОРАЦИЯ, ОТКЛЮЧЕНИЕ ПЛАСТОВ на страницах в Акты_полные\Акты\Для сохранения актов\AKT_KRS_3126_АН.PDF
[WARNING] Не найдена таблица ПЕРФОРАЦИЯ, ОТКЛЮЧЕНИЕ ПЛАСТОВ на  страницах в Акты_полные\Акты\Для сохранения актов\AKT_KRS_3126_АН.PDF
[WARNING] Не найдена таблица ПЕРФОРАЦИЯ, ОТКЛЮЧЕНИЕ ПЛАСТОВ на  страницах в Акты_полные\Акты\Для сохранения актов\AKT_KRS_5366_ДН.PDF
[WARNING] Не найдена таблица РАСХОД МАТЕРИАЛОВ, ИСПОЛЬЗУЕМЫХ ПРИ РЕМОНТЕ СКВАЖИНЫ                            на страницах,                 а таблица ПЕРФОРАЦИЯ, ОТКЛЮЧЕНИЕ ПЛАСТОВ на страницах в Акты_полные\Акты\Для сохранения актов\AKT_KRS_5906D_АН.PDF
[WARNING] Не найдена таблица ПЕРФОРАЦИЯ, ОТКЛЮЧЕНИЕ ПЛАСТОВ на  страницах в Акты_полные\Акты\Для сохранения актов\AKT_KRS_5906D_АН.PDF
[WARNING] Не найдена таблица ПЕРФОРАЦИЯ, ОТКЛЮЧЕНИЕ ПЛАСТОВ на  страницах в Акты_полные\Акты\Для сохранения актов\AKT_KRS_7931_ДН.PDF
[WARNING] Не найдена таблица РАСХОД МАТЕРИАЛОВ, ИСПОЛЬЗУЕМЫХ ПРИ РЕМОНТЕ СКВАЖИНЫ                            на страницах,                 а таблица ПЕРФОРАЦИЯ, ОТКЛЮЧЕНИЕ ПЛАСТОВ на страницах в Акты_полные\Акты\Для сохранения актов\AKT_KRS_9458A_ЛН.PDF
[WARNING] Не найдена таблица ПЕРФОРАЦИЯ, ОТКЛЮЧЕНИЕ ПЛАСТОВ на  страницах в Акты_полные\Акты\Для сохранения актов\AKT_KRS_9458A_ЛН.PDF